<?xml version="1.0" encoding="UTF-8"?>
<testng-results skipped="0" failed="0" ignored="0" total="1" passed="1">
  <reporter-output>
  </reporter-output>
  <suite name="Surefire suite" duration-ms="100407" started-at="2023-06-22T20:10:47 EET" finished-at="2023-06-22T20:12:28 EET">
    <groups>
      <group name="cucumber">
        <method signature="AbstractTestNGCucumberTests.runScenario(io.cucumber.testng.PickleWrapper,io.cucumber.testng.FeatureWrapper)[pri:0, instance:org.example.testRunner.runners@25af5db5]" name="runScenario" class="io.cucumber.testng.AbstractTestNGCucumberTests"/>
      </group> <!-- cucumber -->
    </groups>
    <test name="Surefire test" duration-ms="100407" started-at="2023-06-22T20:10:47 EET" finished-at="2023-06-22T20:12:28 EET">
      <class name="org.example.testRunner.runners">
        <test-method status="PASS" signature="setUpClass(org.testng.ITestContext)[pri:0, instance:org.example.testRunner.runners@25af5db5]" name="setUpClass" is-config="true" duration-ms="4463" started-at="2023-06-22T20:10:47 EET" finished-at="2023-06-22T20:10:52 EET">
          <params>
            <param index="0">
              <value>
                <![CDATA[org.testng.TestRunner@591a4f8e]]>
              </value>
            </param>
          </params>
          <reporter-output>
          </reporter-output>
        </test-method> <!-- setUpClass -->
        <test-method status="PASS" signature="runScenario(io.cucumber.testng.PickleWrapper,io.cucumber.testng.FeatureWrapper)[pri:0, instance:org.example.testRunner.runners@25af5db5]" name="runScenario" duration-ms="95187" started-at="2023-06-22T20:10:52 EET" description="Runs Cucumber Scenarios" data-provider="scenarios" finished-at="2023-06-22T20:12:27 EET">
          <params>
            <param index="0">
              <value>
                <![CDATA["guest user could register with valid data successfully"]]>
              </value>
            </param>
            <param index="1">
              <value>
                <![CDATA["Register | users could register with new accounts"]]>
              </value>
            </param>
          </params>
          <reporter-output>
          </reporter-output>
        </test-method> <!-- runScenario -->
        <test-method status="PASS" signature="tearDownClass()[pri:0, instance:org.example.testRunner.runners@25af5db5]" name="tearDownClass" is-config="true" duration-ms="597" started-at="2023-06-22T20:12:27 EET" finished-at="2023-06-22T20:12:28 EET">
          <reporter-output>
          </reporter-output>
        </test-method> <!-- tearDownClass -->
      </class> <!-- org.example.testRunner.runners -->
    </test> <!-- Surefire test -->
  </suite> <!-- Surefire suite -->
</testng-results>
